TN:
SF:db.config.js
FN:14,connectToDatabase
FNF:1
FNH:0
FNDA:0,connectToDatabase
DA:1,1
DA:2,1
DA:3,1
DA:4,1
DA:5,1
DA:6,1
DA:7,1
DA:8,1
DA:9,1
DA:10,1
DA:11,1
DA:12,1
DA:13,1
DA:14,0
DA:15,0
DA:16,0
DA:17,0
DA:18,0
DA:19,0
DA:20,0
DA:21,0
DA:22,0
DA:23,1
DA:24,1
LF:24
LH:15
BRF:0
BRH:0
end_of_record
TN:
SF:DTOs\blog.dto.js
FN:2,BlogDTO
FNF:1
FNH:0
FNDA:0,BlogDTO
DA:1,1
DA:2,1
DA:3,0
DA:4,0
DA:5,0
DA:6,0
DA:7,0
DA:8,0
DA:9,0
DA:10,0
DA:11,0
DA:12,0
DA:13,1
DA:14,1
DA:15,1
LF:15
LH:5
BRF:0
BRH:0
end_of_record
TN:
SF:DTOs\user.dto.js
FN:2,UserDTO
FNF:1
FNH:0
FNDA:0,UserDTO
DA:1,1
DA:2,1
DA:3,0
DA:4,0
DA:5,0
DA:6,0
DA:7,0
DA:8,0
DA:9,0
DA:10,1
DA:11,1
DA:12,1
LF:12
LH:5
BRF:0
BRH:0
end_of_record
TN:
SF:DTOs\userRegister.dto.js
FN:2,UserRegisterDTO
FNF:1
FNH:1
FNDA:4,UserRegisterDTO
DA:1,1
DA:2,1
DA:3,4
DA:4,4
DA:5,4
DA:6,4
DA:7,4
DA:8,1
DA:9,1
DA:10,1
LF:10
LH:10
BRDA:2,0,0,4
BRF:1
BRH:1
end_of_record
TN:
SF:controllers\auth.controller.js
FN:9,Object.<anonymous>.exports.register
FN:32,Object.<anonymous>.exports.login
FN:53,Object.<anonymous>.exports.logout
FNF:3
FNH:3
FNDA:3,Object.<anonymous>.exports.register
FNDA:3,Object.<anonymous>.exports.login
FNDA:1,Object.<anonymous>.exports.logout
DA:1,1
DA:2,1
DA:3,1
DA:4,1
DA:5,1
DA:6,1
DA:7,1
DA:8,1
DA:9,1
DA:10,3
DA:11,3
DA:12,3
DA:13,3
DA:14,1
DA:15,1
DA:16,2
DA:17,1
DA:18,1
DA:19,1
DA:20,1
DA:21,1
DA:22,1
DA:23,1
DA:24,1
DA:25,1
DA:26,3
DA:27,2
DA:28,2
DA:29,3
DA:30,1
DA:31,1
DA:32,1
DA:33,3
DA:34,3
DA:35,3
DA:36,1
DA:37,1
DA:38,2
DA:39,1
DA:40,1
DA:41,1
DA:42,1
DA:43,1
DA:44,1
DA:45,1
DA:46,1
DA:47,1
DA:48,3
DA:49,2
DA:50,2
DA:51,3
DA:52,1
DA:53,1
DA:54,1
DA:55,1
DA:56,1
DA:57,1
DA:58,1
DA:59,1
DA:60,1
DA:61,0
DA:62,0
DA:63,1
LF:63
LH:61
BRDA:9,0,0,3
BRDA:13,1,0,1
BRDA:15,2,0,2
BRDA:16,3,0,1
BRDA:26,4,0,2
BRDA:32,5,0,3
BRDA:35,6,0,2
BRDA:35,7,0,1
BRDA:37,8,0,2
BRDA:38,9,0,1
BRDA:48,10,0,2
BRDA:53,11,0,1
BRDA:60,12,0,0
BRF:13
BRH:12
end_of_record
TN:
SF:controllers\blog.controller.js
FN:7,Object.<anonymous>.exports.getAllBlogs
FN:19,Object.<anonymous>.exports.createBlog
FN:32,Object.<anonymous>.exports.getBlogById
FN:41,Object.<anonymous>.exports.getBlogsByAuthorId
FN:50,Object.<anonymous>.exports.editBlogByBlogId
FN:63,Object.<anonymous>.exports.deleteBlogByBlogId
FNF:6
FNH:6
FNDA:2,Object.<anonymous>.exports.getAllBlogs
FNDA:3,Object.<anonymous>.exports.createBlog
FNDA:2,Object.<anonymous>.exports.getBlogById
FNDA:2,Object.<anonymous>.exports.getBlogsByAuthorId
FNDA:3,Object.<anonymous>.exports.editBlogByBlogId
FNDA:2,Object.<anonymous>.exports.deleteBlogByBlogId
DA:1,1
DA:2,1
DA:3,1
DA:4,1
DA:5,1
DA:6,1
DA:7,1
DA:8,2
DA:9,2
DA:10,2
DA:11,2
DA:12,2
DA:13,2
DA:14,2
DA:15,1
DA:16,1
DA:17,2
DA:18,1
DA:19,1
DA:20,3
DA:21,3
DA:22,3
DA:23,1
DA:24,1
DA:25,2
DA:26,1
DA:27,3
DA:28,2
DA:29,2
DA:30,3
DA:31,1
DA:32,1
DA:33,2
DA:34,2
DA:35,1
DA:36,1
DA:37,1
DA:38,1
DA:39,2
DA:40,1
DA:41,1
DA:42,2
DA:43,2
DA:44,1
DA:45,1
DA:46,1
DA:47,1
DA:48,2
DA:49,1
DA:50,1
DA:51,3
DA:52,3
DA:53,3
DA:54,1
DA:55,1
DA:56,2
DA:57,1
DA:58,3
DA:59,2
DA:60,2
DA:61,3
DA:62,1
DA:63,1
DA:64,2
DA:65,2
DA:66,1
DA:67,1
DA:68,1
DA:69,1
DA:70,2
LF:70
LH:70
BRDA:7,0,0,2
BRDA:12,1,0,1
BRDA:13,2,0,0
BRDA:14,3,0,1
BRDA:19,4,0,3
BRDA:22,5,0,2
BRDA:22,6,0,1
BRDA:24,7,0,2
BRDA:25,8,0,1
BRDA:27,9,0,2
BRDA:32,10,0,2
BRDA:34,11,0,1
BRDA:41,12,0,2
BRDA:43,13,0,1
BRDA:50,14,0,3
BRDA:53,15,0,1
BRDA:53,16,0,1
BRDA:55,17,0,2
BRDA:56,18,0,1
BRDA:58,19,0,2
BRDA:63,20,0,2
BRDA:65,21,0,1
BRF:22
BRH:21
end_of_record
TN:
SF:controllers\user.controller.js
FN:7,Object.<anonymous>.exports.getAllUsers
FN:18,Object.<anonymous>.exports.getUserByUsername
FN:27,Object.<anonymous>.exports.updateUserByUsername
FN:36,Object.<anonymous>.exports.deleteUserByUsername
FNF:4
FNH:4
FNDA:2,Object.<anonymous>.exports.getAllUsers
FNDA:2,Object.<anonymous>.exports.getUserByUsername
FNDA:2,Object.<anonymous>.exports.updateUserByUsername
FNDA:2,Object.<anonymous>.exports.deleteUserByUsername
DA:1,1
DA:2,1
DA:3,1
DA:4,1
DA:5,1
DA:6,1
DA:7,1
DA:8,2
DA:9,2
DA:10,2
DA:11,2
DA:12,2
DA:13,2
DA:14,1
DA:15,1
DA:16,2
DA:17,1
DA:18,1
DA:19,2
DA:20,2
DA:21,1
DA:22,1
DA:23,1
DA:24,1
DA:25,2
DA:26,1
DA:27,1
DA:28,2
DA:29,2
DA:30,1
DA:31,1
DA:32,1
DA:33,1
DA:34,2
DA:35,1
DA:36,1
DA:37,2
DA:38,2
DA:39,1
DA:40,1
DA:41,1
DA:42,1
DA:43,2
LF:43
LH:43
BRDA:7,0,0,2
BRDA:11,1,0,1
BRDA:12,2,0,0
BRDA:13,3,0,1
BRDA:18,4,0,2
BRDA:20,5,0,1
BRDA:27,6,0,2
BRDA:29,7,0,1
BRDA:36,8,0,2
BRDA:38,9,0,1
BRF:10
BRH:9
end_of_record
TN:
SF:models\blog.model.js
FNF:0
FNH:0
DA:1,1
DA:2,1
DA:3,1
DA:4,1
DA:5,1
DA:6,1
DA:7,1
DA:8,1
DA:9,1
DA:10,1
DA:11,1
DA:12,1
DA:13,1
DA:14,1
DA:15,1
DA:16,1
DA:17,1
DA:18,1
DA:19,1
DA:20,1
DA:21,1
DA:22,1
DA:23,1
DA:24,1
DA:25,1
DA:26,1
DA:27,1
DA:28,1
DA:29,1
DA:30,1
DA:31,1
DA:32,1
DA:33,1
DA:34,1
DA:35,1
DA:36,1
DA:37,1
DA:38,1
LF:38
LH:38
BRF:0
BRH:0
end_of_record
TN:
SF:models\user.model.js
FN:48,beforeCreate
FN:53,beforeUpdate
FNF:2
FNH:0
FNDA:0,beforeCreate
FNDA:0,beforeUpdate
DA:1,1
DA:2,1
DA:3,1
DA:4,1
DA:5,1
DA:6,1
DA:7,1
DA:8,1
DA:9,1
DA:10,1
DA:11,1
DA:12,1
DA:13,1
DA:14,1
DA:15,1
DA:16,1
DA:17,1
DA:18,1
DA:19,1
DA:20,1
DA:21,1
DA:22,1
DA:23,1
DA:24,1
DA:25,1
DA:26,1
DA:27,1
DA:28,1
DA:29,1
DA:30,1
DA:31,1
DA:32,1
DA:33,1
DA:34,1
DA:35,1
DA:36,1
DA:37,1
DA:38,1
DA:39,1
DA:40,1
DA:41,1
DA:42,1
DA:43,1
DA:44,1
DA:45,1
DA:46,1
DA:47,1
DA:48,1
DA:49,0
DA:50,0
DA:51,0
DA:52,1
DA:53,1
DA:54,0
DA:55,0
DA:56,0
DA:57,0
DA:58,0
DA:59,1
DA:60,1
DA:61,1
DA:62,1
DA:63,1
DA:64,1
DA:65,1
DA:66,1
DA:67,1
LF:67
LH:59
BRF:0
BRH:0
end_of_record
TN:
SF:repositories\blog.repository.js
FN:4,Object.<anonymous>.exports.getAllBlogs
FN:9,Object.<anonymous>.exports.getBlogById
FN:14,Object.<anonymous>.exports.editBlogByBlogId
FN:23,Object.<anonymous>.exports.deleteBlogByBlogId
FN:28,Object.<anonymous>.exports.getBlogByAuthorId
FN:33,Object.<anonymous>.exports.createBlog
FNF:6
FNH:6
FNDA:2,Object.<anonymous>.exports.getAllBlogs
FNDA:2,Object.<anonymous>.exports.getBlogById
FNDA:2,Object.<anonymous>.exports.editBlogByBlogId
FNDA:2,Object.<anonymous>.exports.deleteBlogByBlogId
FNDA:2,Object.<anonymous>.exports.getBlogByAuthorId
FNDA:2,Object.<anonymous>.exports.createBlog
DA:1,1
DA:2,1
DA:3,1
DA:4,1
DA:5,2
DA:6,1
DA:7,1
DA:8,1
DA:9,1
DA:10,2
DA:11,2
DA:12,2
DA:13,1
DA:14,1
DA:15,2
DA:16,2
DA:17,2
DA:18,2
DA:19,2
DA:20,2
DA:21,2
DA:22,1
DA:23,1
DA:24,2
DA:25,2
DA:26,2
DA:27,1
DA:28,1
DA:29,2
DA:30,2
DA:31,2
DA:32,1
DA:33,1
DA:34,2
DA:35,2
DA:36,1
DA:37,1
DA:38,1
DA:39,1
DA:40,1
DA:41,2
LF:41
LH:41
BRDA:4,0,0,2
BRDA:5,1,0,1
BRDA:9,2,0,2
BRDA:14,3,0,2
BRDA:23,4,0,2
BRDA:28,5,0,2
BRDA:33,6,0,2
BRDA:35,7,0,1
BRF:8
BRH:8
end_of_record
TN:
SF:repositories\user.repository.js
FN:5,Object.<anonymous>.exports.getAllUsers
FN:10,Object.<anonymous>.exports.getUserByUsername
FN:15,Object.<anonymous>.exports.updateUser
FN:24,Object.<anonymous>.exports.deleteUser
FN:29,Object.<anonymous>.exports.getUserByEmail
FN:34,Object.<anonymous>.exports.createUser
FNF:6
FNH:6
FNDA:2,Object.<anonymous>.exports.getAllUsers
FNDA:2,Object.<anonymous>.exports.getUserByUsername
FNDA:2,Object.<anonymous>.exports.updateUser
FNDA:2,Object.<anonymous>.exports.deleteUser
FNDA:2,Object.<anonymous>.exports.getUserByEmail
FNDA:2,Object.<anonymous>.exports.createUser
DA:1,1
DA:2,1
DA:3,1
DA:4,1
DA:5,1
DA:6,2
DA:7,1
DA:8,1
DA:9,1
DA:10,1
DA:11,2
DA:12,2
DA:13,2
DA:14,1
DA:15,1
DA:16,2
DA:17,2
DA:18,2
DA:19,2
DA:20,2
DA:21,2
DA:22,2
DA:23,1
DA:24,1
DA:25,2
DA:26,2
DA:27,2
DA:28,1
DA:29,1
DA:30,2
DA:31,2
DA:32,2
DA:33,1
DA:34,1
DA:35,2
DA:36,2
DA:37,2
DA:38,1
DA:39,1
DA:40,1
DA:41,1
DA:42,1
DA:43,2
LF:43
LH:43
BRDA:5,0,0,2
BRDA:6,1,0,1
BRDA:10,2,0,2
BRDA:15,3,0,2
BRDA:24,4,0,2
BRDA:29,5,0,2
BRDA:34,6,0,2
BRDA:37,7,0,1
BRF:8
BRH:8
end_of_record
TN:
SF:services\auth.service.js
FN:8,Object.<anonymous>.exports.register
FN:19,Object.<anonymous>.exports.login
FNF:2
FNH:0
FNDA:0,Object.<anonymous>.exports.register
FNDA:0,Object.<anonymous>.exports.login
DA:1,1
DA:2,1
DA:3,1
DA:4,1
DA:5,1
DA:6,1
DA:7,1
DA:8,1
DA:9,0
DA:10,0
DA:11,0
DA:12,0
DA:13,0
DA:14,0
DA:15,0
DA:16,0
DA:17,0
DA:18,1
DA:19,1
DA:20,0
DA:21,0
DA:22,0
DA:23,0
DA:24,0
DA:25,0
DA:26,0
DA:27,0
DA:28,0
DA:29,0
DA:30,0
LF:30
LH:10
BRF:0
BRH:0
end_of_record
TN:
SF:services\blog.service.js
FN:9,createBlog
FN:19,getAllBlogs
FN:29,editBlogByBlogId
FN:34,deleteBlogByBlogId
FN:40,getBlogById
FN:46,getBlogsByAuthorId
FNF:6
FNH:0
FNDA:0,createBlog
FNDA:0,getAllBlogs
FNDA:0,editBlogByBlogId
FNDA:0,deleteBlogByBlogId
FNDA:0,getBlogById
FNDA:0,getBlogsByAuthorId
DA:1,1
DA:2,1
DA:3,1
DA:4,1
DA:5,1
DA:6,1
DA:7,1
DA:8,1
DA:9,0
DA:10,0
DA:11,0
DA:12,0
DA:13,0
DA:14,0
DA:15,0
DA:16,0
DA:17,0
DA:18,1
DA:19,0
DA:20,0
DA:21,0
DA:22,0
DA:23,0
DA:24,0
DA:25,0
DA:26,0
DA:27,0
DA:28,1
DA:29,0
DA:30,0
DA:31,0
DA:32,0
DA:33,1
DA:34,0
DA:35,0
DA:36,0
DA:37,0
DA:38,0
DA:39,1
DA:40,0
DA:41,0
DA:42,0
DA:43,0
DA:44,0
DA:45,1
DA:46,0
DA:47,0
DA:48,0
DA:49,0
DA:50,0
DA:51,0
DA:52,0
DA:53,0
DA:54,0
DA:55,1
DA:56,1
DA:57,1
DA:58,1
DA:59,1
DA:60,1
DA:61,1
DA:62,1
DA:63,1
LF:63
LH:22
BRF:0
BRH:0
end_of_record
TN:
SF:services\user.service.js
FN:10,createUser
FN:15,getAllUsers
FN:25,updateUser
FN:39,deleteUser
FN:45,getUserByUsername
FN:51,getUserDTOByUsername
FN:58,getUserByEmail
FNF:7
FNH:0
FNDA:0,createUser
FNDA:0,getAllUsers
FNDA:0,updateUser
FNDA:0,deleteUser
FNDA:0,getUserByUsername
FNDA:0,getUserDTOByUsername
FNDA:0,getUserByEmail
DA:1,1
DA:2,1
DA:3,1
DA:4,1
DA:5,1
DA:6,1
DA:7,1
DA:8,1
DA:9,1
DA:10,0
DA:11,0
DA:12,0
DA:13,1
DA:14,1
DA:15,0
DA:16,0
DA:17,0
DA:18,0
DA:19,0
DA:20,0
DA:21,0
DA:22,0
DA:23,0
DA:24,1
DA:25,0
DA:26,0
DA:27,0
DA:28,0
DA:29,0
DA:30,0
DA:31,0
DA:32,0
DA:33,0
DA:34,0
DA:35,0
DA:36,0
DA:37,0
DA:38,1
DA:39,0
DA:40,0
DA:41,0
DA:42,0
DA:43,0
DA:44,1
DA:45,0
DA:46,0
DA:47,0
DA:48,0
DA:49,0
DA:50,1
DA:51,0
DA:52,0
DA:53,0
DA:54,0
DA:55,0
DA:56,0
DA:57,1
DA:58,0
DA:59,0
DA:60,0
DA:61,0
DA:62,1
DA:63,1
LF:63
LH:18
BRF:0
BRH:0
end_of_record
TN:
SF:utils\contentNegotiation.js
FN:5,Object.<anonymous>.exports.sendJsonResponse
FN:9,Object.<anonymous>.exports.sendXmlResponse
FN:13,Object.<anonymous>.exports.sendPlainResponse
FN:17,Object.<anonymous>.exports.sendHtmlResponse
FN:21,Object.<anonymous>.exports.sendFinalResponse
FN:25,Object.<anonymous>.exports.sendResponse
FNF:6
FNH:0
FNDA:0,Object.<anonymous>.exports.sendJsonResponse
FNDA:0,Object.<anonymous>.exports.sendXmlResponse
FNDA:0,Object.<anonymous>.exports.sendPlainResponse
FNDA:0,Object.<anonymous>.exports.sendHtmlResponse
FNDA:0,Object.<anonymous>.exports.sendFinalResponse
FNDA:0,Object.<anonymous>.exports.sendResponse
DA:1,1
DA:2,1
DA:3,1
DA:4,1
DA:5,1
DA:6,0
DA:7,0
DA:8,1
DA:9,1
DA:10,0
DA:11,0
DA:12,1
DA:13,1
DA:14,0
DA:15,0
DA:16,1
DA:17,1
DA:18,0
DA:19,0
DA:20,1
DA:21,1
DA:22,0
DA:23,0
DA:24,1
DA:25,1
DA:26,0
DA:27,0
DA:28,0
DA:29,0
DA:30,0
DA:31,0
DA:32,0
DA:33,0
DA:34,0
DA:35,0
DA:36,0
DA:37,0
DA:38,0
DA:39,0
DA:40,0
DA:41,0
DA:42,0
DA:43,0
DA:44,0
LF:44
LH:15
BRF:0
BRH:0
end_of_record
TN:
SF:utils\errorHandler.js
FN:3,AppError
FN:12,SequelizeValidationError
FNF:2
FNH:2
FNDA:6,AppError
FNDA:4,SequelizeValidationError
DA:1,1
DA:2,1
DA:3,1
DA:4,6
DA:5,6
DA:6,6
DA:7,6
DA:8,6
DA:9,1
DA:10,1
DA:11,1
DA:12,1
DA:13,4
DA:14,4
DA:15,4
DA:16,4
DA:17,4
DA:18,4
DA:19,4
DA:20,4
DA:21,1
DA:22,1
DA:23,1
LF:23
LH:23
BRDA:3,0,0,6
BRDA:12,1,0,4
BRDA:14,2,0,4
BRF:3
BRH:3
end_of_record
TN:
SF:utils\hashPassword.js
FN:4,hashPassword
FN:12,comparePassword
FNF:2
FNH:0
FNDA:0,hashPassword
FNDA:0,comparePassword
DA:1,1
DA:2,1
DA:3,1
DA:4,0
DA:5,0
DA:6,0
DA:7,0
DA:8,0
DA:9,0
DA:10,0
DA:11,1
DA:12,0
DA:13,0
DA:14,0
DA:15,1
DA:16,1
LF:16
LH:6
BRF:0
BRH:0
end_of_record
TN:
SF:utils\jwtToken.js
FN:4,sendToken
FN:15,removeToken
FNF:2
FNH:0
FNDA:0,sendToken
FNDA:0,removeToken
DA:1,1
DA:2,1
DA:3,1
DA:4,1
DA:5,0
DA:6,0
DA:7,0
DA:8,0
DA:9,0
DA:10,0
DA:11,0
DA:12,1
DA:13,1
DA:14,1
DA:15,1
DA:16,0
DA:17,0
DA:18,1
DA:19,1
LF:19
LH:10
BRF:0
BRH:0
end_of_record
TN:
SF:utils\pagination.js
FN:1,validatePage
FN:8,Object.<anonymous>.exports.setLimitAndOffset
FNF:2
FNH:0
FNDA:0,validatePage
FNDA:0,Object.<anonymous>.exports.setLimitAndOffset
DA:1,0
DA:2,0
DA:3,0
DA:4,0
DA:5,0
DA:6,0
DA:7,1
DA:8,1
DA:9,0
DA:10,0
DA:11,0
DA:12,0
DA:13,0
LF:13
LH:2
BRF:0
BRH:0
end_of_record
TN:
SF:utils\userValidation.js
FN:2,userValidator
FN:16,checkPasswordValid
FNF:2
FNH:0
FNDA:0,userValidator
FNDA:0,checkPasswordValid
DA:1,1
DA:2,0
DA:3,0
DA:4,0
DA:5,0
DA:6,0
DA:7,0
DA:8,0
DA:9,0
DA:10,0
DA:11,0
DA:12,0
DA:13,0
DA:14,0
DA:15,1
DA:16,0
DA:17,0
DA:18,0
DA:19,0
DA:20,0
DA:21,0
DA:22,0
DA:23,1
DA:24,1
LF:24
LH:4
BRF:0
BRH:0
end_of_record
